0 silly input []
1 silly flags { _: [ 'bootstrap' ],
1 silly flags   'reject-cycles': false,
1 silly flags   rejectCycles: false,
1 silly flags   args: [] }
2 verbose rootPath /Users/shawnsandy/devboxes/blacktie
3 info version 2.11.0
4 silly existsSync /Users/shawnsandy/devboxes/blacktie/VERSION
5 info versioning independent
6 silly initialize attempt
7 silly npmConfig { registry: undefined,
7 silly npmConfig   npmClient: 'yarn',
7 silly npmConfig   npmClientArgs: undefined,
7 silly npmConfig   mutex: 'network:42424' }
8 silly initialize success
9 silly execute attempt
10 info Bootstrapping 10 packages
11 silly installInDirOriginalPackageJson /Users/shawnsandy/devboxes/blacktie
12 silly getExecOpts { cwd: '/Users/shawnsandy/devboxes/blacktie' }
13 silly installInDir [ 'yarn',
13 silly installInDir   [ 'install', '--mutex', 'network:42424', '--non-interactive' ] ]
14 error execute callback with error
15 error Error: Command failed: yarn install --mutex network:42424 --non-interactive
15 error error Workspaces can only be enabled in private projects.
15 error yarn install v1.6.0
15 error info Visit https://yarnpkg.com/en/docs/cli/install for documentation about this command.
15 error
15 error     at Promise.all.then.arr (/usr/local/share/.config/yarn/global/node_modules/execa/index.js:236:11)
15 error     at <anonymous>
